<?xml version="1.0" encoding="UTF-8"?>
<testsuite xmlns:xsi="http://www.w3.org/2001/XMLSchema-instance" xsi:noNamespaceSchemaLocation="https://maven.apache.org/surefire/maven-surefire-plugin/xsd/surefire-test-report-3.0.xsd" version="3.0" name="com.tuapp.grocery_backend.GroceryBackendApplicationTests" time="4.953" tests="1" errors="0" skipped="0" failures="0">
  <properties>
[...]
</properties>
  <testcase name="contextLoads" classname="com.tuapp.grocery_backend.GroceryBackendApplicationTests" time="0.795">
    <system-out><![CDATA[13:34:28.749 [main] INFO org.springframework.test.context.support.AnnotationConfigContextLoaderUtils -- Could not detect default configuration classes for test class [com.tuapp.grocery_backend.GroceryBackendApplicationTests]: GroceryBackendApplicationTests does not declare any static, non-private, non-final, nested classes annotated with @Configuration.
13:34:28.897 [main] INFO org.springframework.boot.test.context.SpringBootTestContextBootstrapper -- Found @SpringBootConfiguration com.tuapp.grocery_backend.GroceryBackendApplication for test class com.tuapp.grocery_backend.GroceryBackendApplicationTests

  .   ____          _            __ _ _
 /\\ / ___'_ __ _ _(_)_ __  __ _ \ \ \ \
( ( )\___ | '_ | '_| | '_ \/ _` | \ \ \ \
 \\/  ___)| |_)| | | | | || (_| |  ) ) ) )
  '  |____| .__|_| |_|_| |_\__, | / / / /
 =========|_|==============|___/=/_/_/_/
 :: Spring Boot ::                (v3.2.2)

2026-02-27T13:34:29.429-06:00  INFO 341944 --- [grocery-backend] [           main] c.t.g.GroceryBackendApplicationTests     : Starting GroceryBackendApplicationTests using Java 21.0.10 with PID 341944 (started by areli in /home/areli/VisualCode/Vuejs---Vuetify-JS-How-to-create-a-Responsive-E-Grocery-Website-System-Grocery-e-Commerce-Website-main/grocery-backend)
2026-02-27T13:34:29.431-06:00  INFO 341944 --- [grocery-backend] [           main] c.t.g.GroceryBackendApplicationTests     : No active profile set, falling back to 1 default profile: "default"
2026-02-27T13:34:30.139-06:00  INFO 341944 --- [grocery-backend] [           main] .s.d.r.c.RepositoryConfigurationDelegate : Bootstrapping Spring Data JPA repositories in DEFAULT mode.
2026-02-27T13:34:30.157-06:00  INFO 341944 --- [grocery-backend] [           main] .s.d.r.c.RepositoryConfigurationDelegate : Finished Spring Data repository scanning in 12 ms. Found 0 JPA repository interfaces.
2026-02-27T13:34:30.693-06:00  INFO 341944 --- [grocery-backend] [           main] com.zaxxer.hikari.HikariDataSource       : HikariPool-1 - Starting...
2026-02-27T13:34:30.923-06:00  INFO 341944 --- [grocery-backend] [           main] com.zaxxer.hikari.pool.HikariPool        : HikariPool-1 - Added connection conn0: url=jdbc:h2:mem:58a7cd01-a568-495e-989a-de306425b971 user=SA
2026-02-27T13:34:30.925-06:00  INFO 341944 --- [grocery-backend] [           main] com.zaxxer.hikari.HikariDataSource       : HikariPool-1 - Start completed.
2026-02-27T13:34:30.986-06:00  INFO 341944 --- [grocery-backend] [           main] o.hibernate.jpa.internal.util.LogHelper  : HHH000204: Processing PersistenceUnitInfo [name: default]
2026-02-27T13:34:31.037-06:00  INFO 341944 --- [grocery-backend] [           main] org.hibernate.Version                    : HHH000412: Hibernate ORM core version 6.4.1.Final
2026-02-27T13:34:31.078-06:00  INFO 341944 --- [grocery-backend] [           main] o.h.c.internal.RegionFactoryInitiator    : HHH000026: Second-level cache disabled
2026-02-27T13:34:31.380-06:00  INFO 341944 --- [grocery-backend] [           main] o.s.o.j.p.SpringPersistenceUnitInfo      : No LoadTimeWeaver setup: ignoring JPA class transformer
2026-02-27T13:34:31.787-06:00  INFO 341944 --- [grocery-backend] [           main] o.h.e.t.j.p.i.JtaPlatformInitiator       : HHH000489: No JTA platform available (set 'hibernate.transaction.jta.platform' to enable JTA platform integration)
2026-02-27T13:34:31.791-06:00  INFO 341944 --- [grocery-backend] [           main] j.LocalContainerEntityManagerFactoryBean : Initialized JPA EntityManagerFactory for persistence unit 'default'
2026-02-27T13:34:32.054-06:00  WARN 341944 --- [grocery-backend] [           main] JpaBaseConfiguration$JpaWebConfiguration : spring.jpa.open-in-view is enabled by default. Therefore, database queries may be performed during view rendering. Explicitly configure spring.jpa.open-in-view to disable this warning
2026-02-27T13:34:32.658-06:00  INFO 341944 --- [grocery-backend] [           main] c.t.g.GroceryBackendApplicationTests     : Started GroceryBackendApplicationTests in 3.597 seconds (process running for 4.732)
]]></system-out>
    <system-err><![CDATA[WARNING: A Java agent has been loaded dynamically (/home/areli/.m2/repository/net/bytebuddy/byte-buddy-agent/1.14.11/byte-buddy-agent-1.14.11.jar)
WARNING: If a serviceability tool is in use, please run with -XX:+EnableDynamicAgentLoading to hide this warning
WARNING: If a serviceability tool is not in use, please run with -Djdk.instrument.traceUsage for more information
WARNING: Dynamic loading of agents will be disallowed by default in a future release
]]></system-err>
  </testcase>
</testsuite>